0 info it worked if it ends with ok
1 verbose cli [ '/Users/federico/.nvm/versions/node/v5.11.1/bin/node',
1 verbose cli   '/Users/federico/.nvm/versions/node/v5.11.1/bin/npm',
1 verbose cli   'install',
1 verbose cli   '-g',
1 verbose cli   'solidity' ]
2 info using npm@3.8.6
3 info using node@v5.11.1
4 silly loadCurrentTree Starting
5 silly install loadCurrentTree
6 silly install readGlobalPackageData
7 silly fetchPackageMetaData solidity
8 silly fetchNamedPackageData solidity
9 silly mapToRegistry name solidity
10 silly mapToRegistry using default registry
11 silly mapToRegistry registry https://registry.npmjs.org/
12 silly mapToRegistry data Result {
12 silly mapToRegistry   raw: 'solidity',
12 silly mapToRegistry   scope: null,
12 silly mapToRegistry   name: 'solidity',
12 silly mapToRegistry   rawSpec: '',
12 silly mapToRegistry   spec: 'latest',
12 silly mapToRegistry   type: 'tag' }
13 silly mapToRegistry uri https://registry.npmjs.org/solidity
14 verbose request uri https://registry.npmjs.org/solidity
15 verbose request no auth needed
16 info attempt registry request try #1 at 12:54:29 PM
17 verbose request id 7079e0e2468f3a8a
18 http request GET https://registry.npmjs.org/solidity
19 http 200 https://registry.npmjs.org/solidity
20 verbose headers { server: 'nginx/1.10.1',
20 verbose headers   'content-type': 'application/json',
20 verbose headers   'last-modified': 'Tue, 22 Nov 2016 14:54:23 GMT',
20 verbose headers   etag: 'W/"58345c1f-19c"',
20 verbose headers   'content-encoding': 'gzip',
20 verbose headers   'cache-control': 'max-age=300',
20 verbose headers   'content-length': '238',
20 verbose headers   'accept-ranges': 'bytes',
20 verbose headers   date: 'Tue, 28 Feb 2017 11:54:30 GMT',
20 verbose headers   via: '1.1 varnish',
20 verbose headers   age: '0',
20 verbose headers   connection: 'keep-alive',
20 verbose headers   'x-served-by': 'cache-ams4436-AMS',
20 verbose headers   'x-cache': 'MISS',
20 verbose headers   'x-cache-hits': '0',
20 verbose headers   'x-timer': 'S1488282870.330390,VS0,VE34',
20 verbose headers   vary: 'Accept-Encoding' }
21 silly get cb [ 200,
21 silly get   { server: 'nginx/1.10.1',
21 silly get     'content-type': 'application/json',
21 silly get     'last-modified': 'Tue, 22 Nov 2016 14:54:23 GMT',
21 silly get     etag: 'W/"58345c1f-19c"',
21 silly get     'content-encoding': 'gzip',
21 silly get     'cache-control': 'max-age=300',
21 silly get     'content-length': '238',
21 silly get     'accept-ranges': 'bytes',
21 silly get     date: 'Tue, 28 Feb 2017 11:54:30 GMT',
21 silly get     via: '1.1 varnish',
21 silly get     age: '0',
21 silly get     connection: 'keep-alive',
21 silly get     'x-served-by': 'cache-ams4436-AMS',
21 silly get     'x-cache': 'MISS',
21 silly get     'x-cache-hits': '0',
21 silly get     'x-timer': 'S1488282870.330390,VS0,VE34',
21 silly get     vary: 'Accept-Encoding' } ]
22 verbose get saving solidity to /Users/federico/.npm/registry.npmjs.org/solidity/.cache.json
23 verbose correctMkdir /Users/federico/.npm correctMkdir not in flight; initializing
24 verbose stack TypeError: Cannot convert undefined or null to object
24 verbose stack     at Function.keys (native)
24 verbose stack     at pickVersionFromRegistryDocument (/Users/federico/.nvm/versions/node/v5.11.1/lib/node_modules/npm/lib/fetch-package-metadata.js:121:29)
24 verbose stack     at /Users/federico/.nvm/versions/node/v5.11.1/lib/node_modules/npm/node_modules/iferr/index.js:13:50
24 verbose stack     at /Users/federico/.nvm/versions/node/v5.11.1/lib/node_modules/npm/lib/utils/pulse-till-done.js:19:8
24 verbose stack     at saved (/Users/federico/.nvm/versions/node/v5.11.1/lib/node_modules/npm/lib/cache/caching-client.js:168:7)
24 verbose stack     at /Users/federico/.nvm/versions/node/v5.11.1/lib/node_modules/npm/node_modules/graceful-fs/polyfills.js:210:7
24 verbose stack     at FSReqWrap.oncomplete (fs.js:82:15)
25 verbose cwd /Users/federico/Projects/AndroidStudioProjects/Test-0
26 error Darwin 15.5.0
27 error argv "/Users/federico/.nvm/versions/node/v5.11.1/bin/node" "/Users/federico/.nvm/versions/node/v5.11.1/bin/npm" "install" "-g" "solidity"
28 error node v5.11.1
29 error npm  v3.8.6
30 error Cannot convert undefined or null to object
31 error If you need help, you may report this error at:
31 error     <https://github.com/npm/npm/issues>
32 verbose exit [ 1, true ]
